<?xml version="1.0" encoding="UTF-8"?>
<testng-results ignored="0" total="1" passed="1" failed="0" skipped="0">
  <reporter-output>
  </reporter-output>
  <suite started-at="2024-04-29T12:00:13 IST" name="Default suite" finished-at="2024-04-29T12:00:32 IST" duration-ms="18967">
    <groups>
    </groups>
    <test started-at="2024-04-29T12:00:13 IST" name="Default test" finished-at="2024-04-29T12:00:32 IST" duration-ms="18967">
      <class name="testpkg.Saucetest">
        <test-method is-config="true" signature="setup()[pri:0, instance:testpkg.Saucetest@d86a6f]" started-at="2024-04-29T12:00:13 IST" name="setup" finished-at="2024-04-29T12:00:20 IST" duration-ms="6704" status="PASS">
          <reporter-output>
          </reporter-output>
        </test-method> <!-- setup -->
        <test-method signature="test1()[pri:0, instance:testpkg.Saucetest@d86a6f]" started-at="2024-04-29T12:00:20 IST" name="test1" finished-at="2024-04-29T12:00:32 IST" duration-ms="11876" status="PASS">
          <reporter-output>
          </reporter-output>
        </test-method> <!-- test1 -->
      </class> <!-- testpkg.Saucetest -->
    </test> <!-- Default test -->
  </suite> <!-- Default suite -->
</testng-results>
